-------------------------------------------------------------------------------
Test set: org.adorsys.saturn.spreadsheet.test.SpreadsheetServiceImplTest
-------------------------------------------------------------------------------
Tests run: 2, Failures: 0, Errors: 1, Skipped: 0, Time elapsed: 1.708 sec <<< FAILURE!
testSaveSpreadsheet(org.adorsys.saturn.spreadsheet.test.SpreadsheetServiceImplTest)  Time elapsed: 1.307 sec  <<< ERROR!
java.lang.IllegalArgumentException: Unknown margin constant:  4
	at org.apache.poi.hssf.record.aggregates.PageSettingsBlock.getMarginRec(PageSettingsBlock.java:417)
	at org.apache.poi.hssf.record.aggregates.PageSettingsBlock.setMargin(PageSettingsBlock.java:446)
	at org.apache.poi.hssf.usermodel.HSSFSheet.setMargin(HSSFSheet.java:986)
	at org.adorsys.xlseasy.impl.proc.SheetDesc.createHeader(SheetDesc.java:286)
	at org.adorsys.xlseasy.impl.proc.SheetDesc.createSheet(SheetDesc.java:254)
	at org.adorsys.xlseasy.impl.proc.SheetSession.loadSheetData(SheetSession.java:113)
	at org.adorsys.xlseasy.impl.proc.SheetSession.load(SheetSession.java:101)
	at org.adorsys.xlseasy.impl.proc.SpreadsheetServiceImpl.saveSpreadsheet(SpreadsheetServiceImpl.java:45)
	at org.adorsys.saturn.spreadsheet.test.SpreadsheetServiceImplTest.testSaveSpreadsheet(SpreadsheetServiceImplTest.java:99)
	at sun.reflect.NativeMethodAccessorImpl.invoke0(Native Method)
	at sun.reflect.NativeMethodAccessorImpl.invoke(NativeMethodAccessorImpl.java:39)
	at sun.reflect.DelegatingMethodAccessorImpl.invoke(DelegatingMethodAccessorImpl.java:25)
	at java.lang.reflect.Method.invoke(Method.java:597)
	at org.junit.internal.runners.TestMethod.invoke(TestMethod.java:59)
	at org.junit.internal.runners.MethodRoadie.runTestMethod(MethodRoadie.java:98)
	at org.junit.internal.runners.MethodRoadie$2.run(MethodRoadie.java:79)
	at org.junit.internal.runners.MethodRoadie.runBeforesThenTestThenAfters(MethodRoadie.java:87)
	at org.junit.internal.runners.MethodRoadie.runTest(MethodRoadie.java:77)
	at org.junit.internal.runners.MethodRoadie.run(MethodRoadie.java:42)
	at org.junit.internal.runners.JUnit4ClassRunner.invokeTestMethod(JUnit4ClassRunner.java:88)
	at org.junit.internal.runners.JUnit4ClassRunner.runMethods(JUnit4ClassRunner.java:51)
	at org.junit.internal.runners.JUnit4ClassRunner$1.run(JUnit4ClassRunner.java:44)
	at org.junit.internal.runners.ClassRoadie.runUnprotected(ClassRoadie.java:27)
	at org.junit.internal.runners.ClassRoadie.runProtected(ClassRoadie.java:37)
	at org.junit.internal.runners.JUnit4ClassRunner.run(JUnit4ClassRunner.java:42)
	at org.apache.maven.surefire.junit4.JUnit4TestSet.execute(JUnit4TestSet.java:35)
	at org.apache.maven.surefire.junit4.JUnit4Provider.executeTestSet(JUnit4Provider.java:115)
	at org.apache.maven.surefire.junit4.JUnit4Provider.invoke(JUnit4Provider.java:97)
	at sun.reflect.NativeMethodAccessorImpl.invoke0(Native Method)
	at sun.reflect.NativeMethodAccessorImpl.invoke(NativeMethodAccessorImpl.java:39)
	at sun.reflect.DelegatingMethodAccessorImpl.invoke(DelegatingMethodAccessorImpl.java:25)
	at java.lang.reflect.Method.invoke(Method.java:597)
	at org.apache.maven.surefire.booter.ProviderFactory$ClassLoaderProxy.invoke(ProviderFactory.java:103)
	at com.sun.proxy.$Proxy0.invoke(Unknown Source)
	at org.apache.maven.surefire.booter.SurefireStarter.invokeProvider(SurefireStarter.java:150)
	at org.apache.maven.surefire.booter.SurefireStarter.runSuitesInProcess(SurefireStarter.java:91)
	at org.apache.maven.surefire.booter.ForkedBooter.main(ForkedBooter.java:69)

